<?xml version="1.0" encoding="UTF-8"?>
<testsuite name="daily.PointTest" tests="1" skipped="0" failures="0" errors="0" timestamp="2020-02-24T18:40:01" hostname="DESKTOP-96R034H" time="0.005">
  <properties/>
  <testcase name="Point" classname="daily.PointTest" time="0.005"/>
  <system-out><![CDATA[]]></system-out>
  <system-err><![CDATA[]]></system-err>
</testsuite>
