<?xml version="1.0" encoding="UTF-8"?>
<testsuite name="daily.PointTest" tests="1" skipped="0" failures="0" errors="0" timestamp="2019-12-23T21:46:37" hostname="DESKTOP-96R034H" time="0.016">
  <properties/>
  <testcase name="Point" classname="daily.PointTest" time="0.016"/>
  <system-out><![CDATA[0.0
]]></system-out>
  <system-err><![CDATA[]]></system-err>
</testsuite>
