<?xml version="1.0" encoding="UTF-8"?>
<testsuite name="daily.PrimeTests" tests="1" skipped="0" failures="0" errors="0" timestamp="2020-01-12T11:27:25" hostname="DESKTOP-96R034H" time="3.901">
  <properties/>
  <testcase name="testPrimeFast" classname="daily.PrimeTests" time="3.901"/>
  <system-out><![CDATA[]]></system-out>
  <system-err><![CDATA[]]></system-err>
</testsuite>
