<?xml version="1.0" encoding="UTF-8"?>
<testsuite name="daily.PointTest" tests="1" skipped="0" failures="0" errors="0" timestamp="2019-12-22T20:30:46" hostname="DESKTOP-96R034H" time="0.033">
  <properties/>
  <testcase name="ElsePoints" classname="daily.PointTest" time="0.033"/>
  <system-out><![CDATA[distancebetween(1589,46)===>1543.0
]]></system-out>
  <system-err><![CDATA[]]></system-err>
</testsuite>
