<?xml version="1.0" encoding="UTF-8"?>
<testsuite name="ru.stqa.pft.addressbook.tests.GroupCreationTest" tests="1" skipped="0" failures="0" errors="0" timestamp="2020-01-01T16:48:22" hostname="DESKTOP-96R034H" time="0.876">
  <properties/>
  <testcase name="groupCase" classname="ru.stqa.pft.addressbook.tests.GroupCreationTest" time="0.876"/>
  <system-out><![CDATA[]]></system-out>
  <system-err><![CDATA[]]></system-err>
</testsuite>
