<?xml version="1.0" encoding="UTF-8"?>
<testsuite name="ru.stqa.pft.addressbook.TestCase" tests="1" skipped="0" failures="0" errors="0" timestamp="2019-12-31T14:14:32" hostname="DESKTOP-96R034H" time="0.993">
  <properties/>
  <testcase name="testCase" classname="ru.stqa.pft.addressbook.TestCase" time="0.993"/>
  <system-out><![CDATA[]]></system-out>
  <system-err><![CDATA[]]></system-err>
</testsuite>
