<?xml version="1.0" encoding="UTF-8"?>
<testsuite name="ru.stqa.pft.addressbook.tests.ContactModificationTest" tests="1" skipped="0" failures="0" errors="0" timestamp="2020-01-16T20:24:54" hostname="DESKTOP-96R034H" time="29.867">
  <properties/>
  <testcase name="testContactModification" classname="ru.stqa.pft.addressbook.tests.ContactModificationTest" time="29.867"/>
  <system-out><![CDATA[elo[[[FirefoxDriver: firefox on WINDOWS (3fd2904b-2ef0-4224-85fd-2a0db99bb8da)] -> xpath: //tr[contains(@name,'entry')]], [[FirefoxDriver: firefox on WINDOWS (3fd2904b-2ef0-4224-85fd-2a0db99bb8da)] -> xpath: //tr[contains(@name,'entry')]], [[FirefoxDriver: firefox on WINDOWS (3fd2904b-2ef0-4224-85fd-2a0db99bb8da)] -> xpath: //tr[contains(@name,'entry')]], [[FirefoxDriver: firefox on WINDOWS (3fd2904b-2ef0-4224-85fd-2a0db99bb8da)] -> xpath: //tr[contains(@name,'entry')]]]
1
2
3
4
elo[[[FirefoxDriver: firefox on WINDOWS (3fd2904b-2ef0-4224-85fd-2a0db99bb8da)] -> xpath: //tr[contains(@name,'entry')]], [[FirefoxDriver: firefox on WINDOWS (3fd2904b-2ef0-4224-85fd-2a0db99bb8da)] -> xpath: //tr[contains(@name,'entry')]], [[FirefoxDriver: firefox on WINDOWS (3fd2904b-2ef0-4224-85fd-2a0db99bb8da)] -> xpath: //tr[contains(@name,'entry')]], [[FirefoxDriver: firefox on WINDOWS (3fd2904b-2ef0-4224-85fd-2a0db99bb8da)] -> xpath: //tr[contains(@name,'entry')]]]
1
2
3
4
]]></system-out>
  <system-err><![CDATA[]]></system-err>
</testsuite>
