<?xml version="1.0" encoding="UTF-8"?>
<testsuite name="ru.stqa.pft.addressbook.tests.GroupModificationTests" tests="1" skipped="0" failures="0" errors="0" timestamp="2020-01-12T17:37:04" hostname="DESKTOP-96R034H" time="1.222">
  <properties/>
  <testcase name="testGroupModification" classname="ru.stqa.pft.addressbook.tests.GroupModificationTests" time="1.222"/>
  <system-out><![CDATA[1
1
]]></system-out>
  <system-err><![CDATA[]]></system-err>
</testsuite>
