<?xml version="1.0" encoding="UTF-8"?>
<testsuite name="ru.stqa.pft.addressbook.tests.AddinNewConTest" tests="1" skipped="0" failures="0" errors="0" timestamp="2020-01-26T17:56:21" hostname="DESKTOP-96R034H" time="25.955">
  <properties/>
  <testcase name="addingNewContact" classname="ru.stqa.pft.addressbook.tests.AddinNewConTest" time="25.955"/>
  <system-out><![CDATA[]]></system-out>
  <system-err><![CDATA[]]></system-err>
</testsuite>
