<?xml version="1.0" encoding="UTF-8"?>
<testsuite name="ru.stqa.pft.addressbook.tests.AddinNewConTest" tests="3" skipped="0" failures="0" errors="0" timestamp="2020-01-28T18:05:21" hostname="DESKTOP-96R034H" time="77.838">
  <properties/>
  <testcase name="addingNewContact[0](ContactData{id='2147483647', firstName='test 0', lastName='last 0', mobilePhone='null'})" classname="ru.stqa.pft.addressbook.tests.AddinNewConTest" time="25.932"/>
  <testcase name="addingNewContact[1](ContactData{id='2147483647', firstName='test 1', lastName='last 1', mobilePhone='null'})" classname="ru.stqa.pft.addressbook.tests.AddinNewConTest" time="25.878"/>
  <testcase name="addingNewContact[2](ContactData{id='2147483647', firstName='test 2', lastName='last 2', mobilePhone='null'})" classname="ru.stqa.pft.addressbook.tests.AddinNewConTest" time="26.028"/>
  <system-out><![CDATA[]]></system-out>
  <system-err><![CDATA[]]></system-err>
</testsuite>
