<?xml version="1.0" encoding="UTF-8"?>
<testsuite name="ru.stqa.pft.addressbook.tests.TestContactSpecial" tests="1" skipped="0" failures="0" errors="0" timestamp="2020-01-23T20:08:27" hostname="DESKTOP-96R034H" time="25.303">
  <properties/>
  <testcase name="checkSpecialContact" classname="ru.stqa.pft.addressbook.tests.TestContactSpecial" time="25.303"/>
  <system-out><![CDATA[]]></system-out>
  <system-err><![CDATA[]]></system-err>
</testsuite>
