<?xml version="1.0" encoding="UTF-8"?>
<testsuite name="ru.stqa.pft.addressbook.AddinNewCon" tests="1" skipped="0" failures="0" errors="0" timestamp="2019-12-31T14:43:56" hostname="DESKTOP-96R034H" time="5.634">
  <properties/>
  <testcase name="addingNewContact" classname="ru.stqa.pft.addressbook.AddinNewCon" time="5.634"/>
  <system-out><![CDATA[]]></system-out>
  <system-err><![CDATA[]]></system-err>
</testsuite>
