<?xml version="1.0" encoding="UTF-8"?>
<testsuite name="ru.stqa.pft.addressbook.TestCase" tests="1" skipped="0" failures="0" errors="0" timestamp="2019-12-31T12:49:53" hostname="DESKTOP-96R034H" time="1.884">
  <properties/>
  <testcase name="testCase" classname="ru.stqa.pft.addressbook.TestCase" time="1.884"/>
  <system-out><![CDATA[]]></system-out>
  <system-err><![CDATA[]]></system-err>
</testsuite>
