<?xml version="1.0" encoding="UTF-8"?>
<testsuite name="ru.stqa.pft.addressbook.tests.GroupCreationTest" tests="1" skipped="0" failures="0" errors="0" timestamp="2020-01-21T17:13:13" hostname="DESKTOP-96R034H" time="1.697">
  <properties/>
  <testcase name="groupCase" classname="ru.stqa.pft.addressbook.tests.GroupCreationTest" time="1.697"/>
  <system-out><![CDATA[1
2
3
4
5
6
7
8
9
1
2
3
4
5
6
7
8
9
10
]]></system-out>
  <system-err><![CDATA[]]></system-err>
</testsuite>
